0 info it worked if it ends with ok
1 verbose cli [ 'C:\\Program Files\\nodejs\\node.exe',
1 verbose cli   'C:\\Program Files\\nodejs\\node_modules\\npm\\bin\\npm-cli.js',
1 verbose cli   'run',
1 verbose cli   'test' ]
2 info using npm@3.10.10
3 info using node@v6.9.5
4 verbose run-script [ 'pretest', 'test', 'posttest' ]
5 info lifecycle slimme@1.0.0~pretest: slimme@1.0.0
6 silly lifecycle slimme@1.0.0~pretest: no script for pretest, continuing
7 info lifecycle slimme@1.0.0~test: slimme@1.0.0
8 verbose lifecycle slimme@1.0.0~test: unsafe-perm in lifecycle true
9 verbose lifecycle slimme@1.0.0~test: PATH: C:\Program Files\nodejs\node_modules\npm\bin\node-gyp-bin;C:\Node\slimme\node_modules\.bin;C:\ProgramData\Oracle\Java\javapath;C:\Program Files (x86)\Intel\iCLS Client\;C:\Program Files\Intel\iCLS Client\;C:\Program Files (x86)\Common Files\Intel\Shared Files\cpp\bin\Intel64;C:\Program Files\Java\jdk\bin;C:\WINDOWS\system32;C:\WINDOWS;C:\WINDOWS\System32\Wbem;C:\WINDOWS\System32\WindowsPowerShell\v1.0\;C:\Program Files\SASHome\Secure\ccme4;C:\Program Files\SASHome\x86\Secure\ccme4;C:\Program Files (x86)\Intel\Intel(R) Management Engine Components\DAL;C:\Program Files\Intel\Intel(R) Management Engine Components\DAL;C:\Program Files (x86)\Intel\Intel(R) Management Engine Components\IPT;C:\Program Files\Intel\Intel(R) Management Engine Components\IPT;C:\Program Files\nodejs\;C:\Program Files (x86)\Yarn\bin;C:\Program Files (x86)\Common Files\lenovo\easyplussdk\bin;C:\Program Files (x86)\Skype\Phone\;C:\Program Files\Microsoft SQL Server\110\DTS\Binn\;C:\Program Files (x86)\Microsoft SQL Server\110\Tools\Binn\;C:\Program Files\Microsoft SQL Server\110\Tools\Binn\;C:\Program Files (x86)\Microsoft SQL Server\110\Tools\Binn\ManagementStudio\;C:\Program Files (x86)\Microsoft Visual Studio 10.0\Common7\IDE\PrivateAssemblies\;C:\Program Files (x86)\Microsoft SQL Server\110\DTS\Binn\;C:\Program Files\Git\cmd;C:\Users\ANS\Miniconda2;C:\Users\ANS\Miniconda2\Scripts;C:\Users\ANS\Miniconda2\Library\bin;C:\Users\ANS\AppData\Local\Microsoft\WindowsApps;C:\Program Files\Java\jdk\bin;C:\Users\ANS\AppData\Roaming\npm;C:\Users\ANS\AppData\Local\Yarn\.bin;C:\Program Files (x86)\Microsoft VS Code\bin;
10 verbose lifecycle slimme@1.0.0~test: CWD: C:\Node\slimme
11 silly lifecycle slimme@1.0.0~test: Args: [ '/d /s /c', 'npm search' ]
12 silly lifecycle slimme@1.0.0~test: Returned: code: 1  signal: null
13 info lifecycle slimme@1.0.0~test: Failed to exec test script
14 verbose stack Error: slimme@1.0.0 test: `npm search`
14 verbose stack Exit status 1
14 verbose stack     at EventEmitter.<anonymous> (C:\Program Files\nodejs\node_modules\npm\lib\utils\lifecycle.js:255:16)
14 verbose stack     at emitTwo (events.js:106:13)
14 verbose stack     at EventEmitter.emit (events.js:191:7)
14 verbose stack     at ChildProcess.<anonymous> (C:\Program Files\nodejs\node_modules\npm\lib\utils\spawn.js:40:14)
14 verbose stack     at emitTwo (events.js:106:13)
14 verbose stack     at ChildProcess.emit (events.js:191:7)
14 verbose stack     at maybeClose (internal/child_process.js:877:16)
14 verbose stack     at Process.ChildProcess._handle.onexit (internal/child_process.js:226:5)
15 verbose pkgid slimme@1.0.0
16 verbose cwd C:\Node\slimme
17 error Windows_NT 10.0.16299
18 error argv "C:\\Program Files\\nodejs\\node.exe" "C:\\Program Files\\nodejs\\node_modules\\npm\\bin\\npm-cli.js" "run" "test"
19 error node v6.9.5
20 error npm  v3.10.10
21 error code ELIFECYCLE
22 error slimme@1.0.0 test: `npm search`
22 error Exit status 1
23 error Failed at the slimme@1.0.0 test script 'npm search'.
23 error Make sure you have the latest version of node.js and npm installed.
23 error If you do, this is most likely a problem with the slimme package,
23 error not with npm itself.
23 error Tell the author that this fails on your system:
23 error     npm search
23 error You can get information on how to open an issue for this project with:
23 error     npm bugs slimme
23 error Or if that isn't available, you can get their info via:
23 error     npm owner ls slimme
23 error There is likely additional logging output above.
24 verbose exit [ 1, true ]
